TN:
SF:C:\Users\14379\Desktop\fake git\Toronto-Weather-\src\polyfills.ts
FNF:0
FNH:0
LF:0
LH:0
BRF:0
BRH:0
end_of_record
TN:
SF:C:\Users\14379\Desktop\fake git\Toronto-Weather-\src\test.ts
FNF:0
FNH:0
DA:13,1
DA:18,1
DA:20,1
LF:3
LH:3
BRF:0
BRH:0
end_of_record
TN:
SF:C:\Users\14379\Desktop\fake git\Toronto-Weather-\src\app\app.component.ts
FN:3,(anonymous_0)
FNF:1
FNH:1
FNDA:1,(anonymous_0)
DA:8,1
DA:9,1
LF:2
LH:2
BRF:0
BRH:0
end_of_record
TN:
SF:C:\Users\14379\Desktop\fake git\Toronto-Weather-\src\app\Components\weather-widget-main\weather-widget-main.component.ts
FN:13,(anonymous_0)
FN:18,(anonymous_1)
FN:23,(anonymous_2)
FN:31,(anonymous_3)
FN:32,(anonymous_4)
FN:35,(anonymous_5)
FNF:6
FNH:3
FNDA:2,(anonymous_0)
FNDA:3,(anonymous_1)
FNDA:0,(anonymous_2)
FNDA:3,(anonymous_3)
FNDA:0,(anonymous_4)
FNDA:0,(anonymous_5)
DA:9,1
DA:12,2
DA:13,2
DA:19,3
DA:23,3
DA:24,0
DA:27,3
DA:28,3
DA:32,3
DA:36,0
DA:37,0
DA:38,0
DA:39,0
DA:40,0
DA:41,0
DA:42,0
DA:43,0
DA:44,0
LF:18
LH:8
BRF:0
BRH:0
end_of_record
TN:
SF:C:\Users\14379\Desktop\fake git\Toronto-Weather-\src\app\Components\weather-widget-main\weather-widget-main.service.ts
FN:9,(anonymous_0)
FN:11,(anonymous_1)
FNF:2
FNH:2
FNDA:3,(anonymous_0)
FNDA:3,(anonymous_1)
DA:7,1
DA:9,3
DA:12,3
LF:3
LH:3
BRF:0
BRH:0
end_of_record
TN:
SF:C:\Users\14379\Desktop\fake git\Toronto-Weather-\src\app\about-us\about-us.component.ts
FN:10,(anonymous_0)
FN:12,(anonymous_1)
FNF:2
FNH:2
FNDA:1,(anonymous_0)
FNDA:1,(anonymous_1)
DA:8,1
LF:1
LH:1
BRF:0
BRH:0
end_of_record
TN:
SF:C:\Users\14379\Desktop\fake git\Toronto-Weather-\src\app\customer\customer.component.ts
FN:10,(anonymous_0)
FN:12,(anonymous_1)
FNF:2
FNH:2
FNDA:1,(anonymous_0)
FNDA:1,(anonymous_1)
DA:8,1
LF:1
LH:1
BRF:0
BRH:0
end_of_record
TN:
SF:C:\Users\14379\Desktop\fake git\Toronto-Weather-\src\app\our-services\our-services.component.ts
FN:10,(anonymous_0)
FN:12,(anonymous_1)
FNF:2
FNH:2
FNDA:1,(anonymous_0)
FNDA:1,(anonymous_1)
DA:8,1
LF:1
LH:1
BRF:0
BRH:0
end_of_record
